0 info it worked if it ends with ok
1 verbose cli [ 'node', '/usr/local/bin/npm', 'start' ]
2 info using npm@2.4.1
3 info using node@v1.5.1
4 verbose node symlink /usr/bin/node
5 verbose run-script [ 'prestart', 'start', 'poststart' ]
6 info prestart angular-seed@0.0.1
7 verbose unsafe-perm in lifecycle true
8 info start angular-seed@0.0.1
9 verbose unsafe-perm in lifecycle true
10 info angular-seed@0.0.1 Failed to exec start script
11 verbose stack Error: angular-seed@0.0.1 start: `http-server -a localhost -p 8000 -c-1`
11 verbose stack Exit status 1
11 verbose stack     at EventEmitter.<anonymous> (/usr/local/lib/node_modules/npm/lib/utils/lifecycle.js:213:16)
11 verbose stack     at emitTwo (events.js:87:13)
11 verbose stack     at EventEmitter.emit (events.js:169:7)
11 verbose stack     at ChildProcess.<anonymous> (/usr/local/lib/node_modules/npm/lib/utils/spawn.js:14:12)
11 verbose stack     at emitTwo (events.js:87:13)
11 verbose stack     at ChildProcess.emit (events.js:169:7)
11 verbose stack     at maybeClose (child_process.js:984:16)
11 verbose stack     at Process.ChildProcess._handle.onexit (child_process.js:1057:5)
12 verbose pkgid angular-seed@0.0.1
13 verbose cwd /home/dane/workspace/TechEval/app
14 error Linux 3.13.0-37-generic
15 error argv "node" "/usr/local/bin/npm" "start"
16 error node v1.5.1
17 error npm  v2.4.1
18 error code ELIFECYCLE
19 error angular-seed@0.0.1 start: `http-server -a localhost -p 8000 -c-1`
19 error Exit status 1
20 error Failed at the angular-seed@0.0.1 start script 'http-server -a localhost -p 8000 -c-1'.
20 error This is most likely a problem with the angular-seed package,
20 error not with npm itself.
20 error Tell the author that this fails on your system:
20 error     http-server -a localhost -p 8000 -c-1
20 error You can get their info via:
20 error     npm owner ls angular-seed
20 error There is likely additional logging output above.
21 verbose exit [ 1, true ]
